<?xml version="1.0" encoding="UTF-8"?>
<!-- Generated by org.testng.reporters.JUnitXMLReporter -->
<testsuite ignored="0" hostname="sarupyagarapati" failures="0" tests="3" name="Surefire test" time="43.143" errors="0" timestamp="2025-12-28T16:36:20 IST">
  <testcase classname="com.opencart.tests.GuestCheckoutTest" name="verifyGuestCheckoutFlow" time="16.144"/>
  <testcase classname="com.opencart.tests.LoginTest" name="verifyUserLogin" time="8.653"/>
  <testcase classname="com.opencart.tests.RegisterTest" name="verifyUserRegistration" time="4.205"/>
</testsuite> <!-- Surefire test -->
