<?xml version="1.0" encoding="UTF-8"?>
<!-- Generated by org.testng.reporters.JUnitXMLReporter -->
<testsuite ignored="0" hostname="sarupyagarapati" failures="0" tests="4" name="Surefire test" time="46.925" errors="0" timestamp="2025-12-28T17:27:17 IST">
  <testcase classname="com.opencart.tests.GuestCheckoutTest" name="verifyGuestCheckoutFlow" time="12.816"/>
  <testcase classname="com.opencart.tests.LoginTest" name="verifyUserLogin" time="6.439"/>
  <testcase classname="com.opencart.tests.ProductCompareTest" name="verifyTwoProductsComparison" time="8.296"/>
  <testcase classname="com.opencart.tests.RegisterTest" name="verifyUserRegistration" time="3.673"/>
</testsuite> <!-- Surefire test -->
