<?xml version="1.0" encoding="UTF-8"?>
<testng-results ignored="0" total="14" passed="14" failed="0" skipped="0">
  <reporter-output>
  </reporter-output>
  <suite started-at="2025-12-29T23:30:56 IST" name="Industrial Hybrid Framework Suite" finished-at="2025-12-29T23:32:50 IST" duration-ms="114776">
    <groups>
    </groups>
    <test started-at="2025-12-29T23:30:56 IST" name="Backend API Tests" finished-at="2025-12-29T23:31:04 IST" duration-ms="7943">
      <class name="com.opencart.api.tests.CurrencyApiTest">
        <test-method is-config="true" signature="setup()[pri:0, instance:com.opencart.api.tests.CurrencyApiTest@4466af20]" started-at="2025-12-29T23:31:03 IST" name="setup" finished-at="2025-12-29T23:31:03 IST" duration-ms="214" status="PASS">
          <reporter-output>
          </reporter-output>
        </test-method> <!-- setup -->
        <test-method signature="verifyChangeCurrencyToEUR()[pri:0, instance:com.opencart.api.tests.CurrencyApiTest@4466af20]" started-at="2025-12-29T23:31:03 IST" name="verifyChangeCurrencyToEUR" finished-at="2025-12-29T23:31:04 IST" duration-ms="219" status="PASS">
          <reporter-output>
          </reporter-output>
        </test-method> <!-- verifyChangeCurrencyToEUR -->
      </class> <!-- com.opencart.api.tests.CurrencyApiTest -->
      <class name="com.opencart.api.tests.EditCartApiTest">
        <test-method is-config="true" signature="setup()[pri:0, instance:com.opencart.api.tests.EditCartApiTest@4f6ee6e4]" started-at="2025-12-29T23:31:02 IST" name="setup" finished-at="2025-12-29T23:31:03 IST" duration-ms="184" status="PASS">
          <reporter-output>
          </reporter-output>
        </test-method> <!-- setup -->
        <test-method signature="verifyEditCartQuantity()[pri:0, instance:com.opencart.api.tests.EditCartApiTest@4f6ee6e4]" started-at="2025-12-29T23:31:03 IST" name="verifyEditCartQuantity" finished-at="2025-12-29T23:31:03 IST" duration-ms="414" status="PASS">
          <reporter-output>
          </reporter-output>
        </test-method> <!-- verifyEditCartQuantity -->
      </class> <!-- com.opencart.api.tests.EditCartApiTest -->
      <class name="com.opencart.api.tests.LoginApiTest">
        <test-method is-config="true" signature="setup()[pri:0, instance:com.opencart.api.tests.LoginApiTest@694abbdc]" started-at="2025-12-29T23:30:56 IST" name="setup" finished-at="2025-12-29T23:30:59 IST" duration-ms="3619" status="PASS">
          <reporter-output>
          </reporter-output>
        </test-method> <!-- setup -->
        <test-method signature="verifyApiLogin()[pri:0, instance:com.opencart.api.tests.LoginApiTest@694abbdc]" started-at="2025-12-29T23:30:59 IST" name="verifyApiLogin" finished-at="2025-12-29T23:30:59 IST" duration-ms="245" status="PASS">
          <reporter-output>
          </reporter-output>
        </test-method> <!-- verifyApiLogin -->
      </class> <!-- com.opencart.api.tests.LoginApiTest -->
      <class name="com.opencart.api.tests.CartApiTest">
        <test-method is-config="true" signature="setup()[pri:0, instance:com.opencart.api.tests.CartApiTest@359f7cdf]" started-at="2025-12-29T23:31:00 IST" name="setup" finished-at="2025-12-29T23:31:00 IST" duration-ms="180" status="PASS">
          <reporter-output>
          </reporter-output>
        </test-method> <!-- setup -->
        <test-method signature="verifyAddItemToCart()[pri:0, instance:com.opencart.api.tests.CartApiTest@359f7cdf]" started-at="2025-12-29T23:31:00 IST" name="verifyAddItemToCart" finished-at="2025-12-29T23:31:00 IST" duration-ms="242" status="PASS">
          <reporter-output>
          </reporter-output>
        </test-method> <!-- verifyAddItemToCart -->
      </class> <!-- com.opencart.api.tests.CartApiTest -->
      <class name="com.opencart.api.tests.RegisterApiTest">
        <test-method is-config="true" signature="setup()[pri:0, instance:com.opencart.api.tests.RegisterApiTest@1fa268de]" started-at="2025-12-29T23:31:00 IST" name="setup" finished-at="2025-12-29T23:31:00 IST" duration-ms="252" status="PASS">
          <reporter-output>
          </reporter-output>
        </test-method> <!-- setup -->
        <test-method signature="verifyRegisterAccountViaPost()[pri:0, instance:com.opencart.api.tests.RegisterApiTest@1fa268de]" started-at="2025-12-29T23:31:00 IST" name="verifyRegisterAccountViaPost" finished-at="2025-12-29T23:31:02 IST" duration-ms="2296" status="PASS">
          <reporter-output>
          </reporter-output>
        </test-method> <!-- verifyRegisterAccountViaPost -->
      </class> <!-- com.opencart.api.tests.RegisterApiTest -->
    </test> <!-- Backend API Tests -->
    <test started-at="2025-12-29T23:31:04 IST" name="Database Validation Tests" finished-at="2025-12-29T23:31:06 IST" duration-ms="2847">
      <class name="com.opencart.tests.DatabaseValidationTest">
        <test-method is-config="true" signature="setup()[pri:0, instance:com.opencart.tests.DatabaseValidationTest@67c27493]" started-at="2025-12-29T23:31:04 IST" name="setup" finished-at="2025-12-29T23:31:04 IST" duration-ms="174" status="PASS">
          <reporter-output>
          </reporter-output>
        </test-method> <!-- setup -->
        <test-method signature="verifyUserRegistrationInDatabase()[pri:0, instance:com.opencart.tests.DatabaseValidationTest@67c27493]" started-at="2025-12-29T23:31:04 IST" name="verifyUserRegistrationInDatabase" finished-at="2025-12-29T23:31:06 IST" duration-ms="2671" status="PASS">
          <reporter-output>
          </reporter-output>
        </test-method> <!-- verifyUserRegistrationInDatabase -->
      </class> <!-- com.opencart.tests.DatabaseValidationTest -->
    </test> <!-- Database Validation Tests -->
    <test started-at="2025-12-29T23:31:06 IST" name="Hybrid Integration Tests" finished-at="2025-12-29T23:31:15 IST" duration-ms="8907">
      <class name="com.opencart.api.tests.HybridLoginTest">
        <test-method is-config="true" signature="setupDataAndBrowser()[pri:0, instance:com.opencart.api.tests.HybridLoginTest@3349e9bb]" started-at="2025-12-29T23:31:06 IST" name="setupDataAndBrowser" finished-at="2025-12-29T23:31:12 IST" duration-ms="5777" status="PASS">
          <reporter-output>
          </reporter-output>
        </test-method> <!-- setupDataAndBrowser -->
        <test-method signature="verifyLoginWithApiCreatedUser()[pri:0, instance:com.opencart.api.tests.HybridLoginTest@3349e9bb]" started-at="2025-12-29T23:31:12 IST" name="verifyLoginWithApiCreatedUser" finished-at="2025-12-29T23:31:15 IST" duration-ms="2803" status="PASS">
          <reporter-output>
          </reporter-output>
        </test-method> <!-- verifyLoginWithApiCreatedUser -->
        <test-method is-config="true" signature="tearDown()[pri:0, instance:com.opencart.api.tests.HybridLoginTest@3349e9bb]" started-at="2025-12-29T23:31:15 IST" name="tearDown" finished-at="2025-12-29T23:31:15 IST" duration-ms="320" status="PASS">
          <reporter-output>
          </reporter-output>
        </test-method> <!-- tearDown -->
      </class> <!-- com.opencart.api.tests.HybridLoginTest -->
    </test> <!-- Hybrid Integration Tests -->
    <test started-at="2025-12-29T23:31:15 IST" name="Frontend UI Tests" finished-at="2025-12-29T23:32:50 IST" duration-ms="94997">
      <class name="com.opencart.tests.LoginTest">
        <test-method is-config="true" signature="setup()[pri:0, instance:com.opencart.tests.LoginTest@3270d194]" started-at="2025-12-29T23:31:25 IST" name="setup" finished-at="2025-12-29T23:31:27 IST" duration-ms="2275" status="PASS">
          <reporter-output>
          </reporter-output>
        </test-method> <!-- setup -->
        <test-method signature="verifyUserLogin()[pri:0, instance:com.opencart.tests.LoginTest@3270d194]" started-at="2025-12-29T23:31:27 IST" name="verifyUserLogin" finished-at="2025-12-29T23:31:36 IST" duration-ms="9127" status="PASS">
          <reporter-output>
          </reporter-output>
        </test-method> <!-- verifyUserLogin -->
        <test-method is-config="true" signature="tearDown()[pri:0, instance:com.opencart.tests.LoginTest@3270d194]" started-at="2025-12-29T23:31:36 IST" name="tearDown" finished-at="2025-12-29T23:31:36 IST" duration-ms="331" status="PASS">
          <reporter-output>
          </reporter-output>
        </test-method> <!-- tearDown -->
      </class> <!-- com.opencart.tests.LoginTest -->
      <class name="com.opencart.tests.ProductCompareTest">
        <test-method is-config="true" signature="setup()[pri:0, instance:com.opencart.tests.ProductCompareTest@76505305]" started-at="2025-12-29T23:32:25 IST" name="setup" finished-at="2025-12-29T23:32:27 IST" duration-ms="2277" status="PASS">
          <reporter-output>
          </reporter-output>
        </test-method> <!-- setup -->
        <test-method signature="verifyTwoProductsComparison()[pri:0, instance:com.opencart.tests.ProductCompareTest@76505305]" started-at="2025-12-29T23:32:27 IST" name="verifyTwoProductsComparison" finished-at="2025-12-29T23:32:34 IST" duration-ms="6893" status="PASS">
          <reporter-output>
          </reporter-output>
        </test-method> <!-- verifyTwoProductsComparison -->
        <test-method is-config="true" signature="tearDown()[pri:0, instance:com.opencart.tests.ProductCompareTest@76505305]" started-at="2025-12-29T23:32:34 IST" name="tearDown" finished-at="2025-12-29T23:32:35 IST" duration-ms="376" status="PASS">
          <reporter-output>
          </reporter-output>
        </test-method> <!-- tearDown -->
      </class> <!-- com.opencart.tests.ProductCompareTest -->
      <class name="com.opencart.tests.GuestCheckoutTest">
        <test-method is-config="true" signature="setup()[pri:0, instance:com.opencart.tests.GuestCheckoutTest@5656be13]" started-at="2025-12-29T23:31:54 IST" name="setup" finished-at="2025-12-29T23:31:56 IST" duration-ms="2252" status="PASS">
          <reporter-output>
          </reporter-output>
        </test-method> <!-- setup -->
        <test-method signature="verifyGuestCheckoutFlow()[pri:0, instance:com.opencart.tests.GuestCheckoutTest@5656be13]" started-at="2025-12-29T23:31:56 IST" name="verifyGuestCheckoutFlow" finished-at="2025-12-29T23:32:13 IST" duration-ms="16459" status="PASS">
          <reporter-output>
          </reporter-output>
        </test-method> <!-- verifyGuestCheckoutFlow -->
        <test-method is-config="true" signature="tearDown()[pri:0, instance:com.opencart.tests.GuestCheckoutTest@5656be13]" started-at="2025-12-29T23:32:13 IST" name="tearDown" finished-at="2025-12-29T23:32:13 IST" duration-ms="336" status="PASS">
          <reporter-output>
          </reporter-output>
        </test-method> <!-- tearDown -->
      </class> <!-- com.opencart.tests.GuestCheckoutTest -->
      <class name="com.opencart.tests.ChangePasswordTest">
        <test-method is-config="true" signature="setup()[pri:0, instance:com.opencart.tests.ChangePasswordTest@235834f2]" started-at="2025-12-29T23:31:36 IST" name="setup" finished-at="2025-12-29T23:31:39 IST" duration-ms="2468" status="PASS">
          <reporter-output>
          </reporter-output>
        </test-method> <!-- setup -->
        <test-method signature="verifyPasswordChangeFlow()[pri:0, instance:com.opencart.tests.ChangePasswordTest@235834f2]" started-at="2025-12-29T23:31:39 IST" name="verifyPasswordChangeFlow" finished-at="2025-12-29T23:31:54 IST" duration-ms="14812" status="PASS">
          <reporter-output>
          </reporter-output>
        </test-method> <!-- verifyPasswordChangeFlow -->
        <test-method is-config="true" signature="tearDown()[pri:0, instance:com.opencart.tests.ChangePasswordTest@235834f2]" started-at="2025-12-29T23:31:54 IST" name="tearDown" finished-at="2025-12-29T23:31:54 IST" duration-ms="308" status="PASS">
          <reporter-output>
          </reporter-output>
        </test-method> <!-- tearDown -->
      </class> <!-- com.opencart.tests.ChangePasswordTest -->
      <class name="com.opencart.tests.OrderHistoryTest">
        <test-method is-config="true" signature="setup()[pri:0, instance:com.opencart.tests.OrderHistoryTest@4218d6a3]" started-at="2025-12-29T23:32:13 IST" name="setup" finished-at="2025-12-29T23:32:15 IST" duration-ms="2291" status="PASS">
          <reporter-output>
          </reporter-output>
        </test-method> <!-- setup -->
        <test-method signature="verifyOrderHistoryPageAccess()[pri:0, instance:com.opencart.tests.OrderHistoryTest@4218d6a3]" started-at="2025-12-29T23:32:15 IST" name="verifyOrderHistoryPageAccess" finished-at="2025-12-29T23:32:25 IST" duration-ms="9472" status="PASS">
          <reporter-output>
          </reporter-output>
        </test-method> <!-- verifyOrderHistoryPageAccess -->
        <test-method is-config="true" signature="tearDown()[pri:0, instance:com.opencart.tests.OrderHistoryTest@4218d6a3]" started-at="2025-12-29T23:32:25 IST" name="tearDown" finished-at="2025-12-29T23:32:25 IST" duration-ms="271" status="PASS">
          <reporter-output>
          </reporter-output>
        </test-method> <!-- tearDown -->
      </class> <!-- com.opencart.tests.OrderHistoryTest -->
      <class name="com.opencart.tests.WishlistTest">
        <test-method is-config="true" signature="setup()[pri:0, instance:com.opencart.tests.WishlistTest@14cd1699]" started-at="2025-12-29T23:32:35 IST" name="setup" finished-at="2025-12-29T23:32:37 IST" duration-ms="1982" status="PASS">
          <reporter-output>
          </reporter-output>
        </test-method> <!-- setup -->
        <test-method signature="verifyAddProductToWishlist()[pri:0, instance:com.opencart.tests.WishlistTest@14cd1699]" started-at="2025-12-29T23:32:37 IST" name="verifyAddProductToWishlist" finished-at="2025-12-29T23:32:50 IST" duration-ms="13396" status="PASS">
          <reporter-output>
          </reporter-output>
        </test-method> <!-- verifyAddProductToWishlist -->
        <test-method is-config="true" signature="tearDown()[pri:0, instance:com.opencart.tests.WishlistTest@14cd1699]" started-at="2025-12-29T23:32:50 IST" name="tearDown" finished-at="2025-12-29T23:32:50 IST" duration-ms="328" status="PASS">
          <reporter-output>
          </reporter-output>
        </test-method> <!-- tearDown -->
      </class> <!-- com.opencart.tests.WishlistTest -->
      <class name="com.opencart.tests.RegisterTest">
        <test-method is-config="true" signature="setup()[pri:0, instance:com.opencart.tests.RegisterTest@55182842]" started-at="2025-12-29T23:31:15 IST" name="setup" finished-at="2025-12-29T23:31:18 IST" duration-ms="2501" status="PASS">
          <reporter-output>
          </reporter-output>
        </test-method> <!-- setup -->
        <test-method signature="verifyUserRegistration()[pri:0, instance:com.opencart.tests.RegisterTest@55182842]" started-at="2025-12-29T23:31:18 IST" name="verifyUserRegistration" finished-at="2025-12-29T23:31:24 IST" duration-ms="6514" status="PASS">
          <reporter-output>
          </reporter-output>
        </test-method> <!-- verifyUserRegistration -->
        <test-method is-config="true" signature="tearDown()[pri:0, instance:com.opencart.tests.RegisterTest@55182842]" started-at="2025-12-29T23:31:24 IST" name="tearDown" finished-at="2025-12-29T23:31:25 IST" duration-ms="315" status="PASS">
          <reporter-output>
          </reporter-output>
        </test-method> <!-- tearDown -->
      </class> <!-- com.opencart.tests.RegisterTest -->
    </test> <!-- Frontend UI Tests -->
  </suite> <!-- Industrial Hybrid Framework Suite -->
</testng-results>
