<?xml version="1.0" encoding="UTF-8"?>
<testng-results ignored="0" total="14" passed="14" failed="0" skipped="0">
  <reporter-output>
  </reporter-output>
  <suite started-at="2025-12-30T15:37:13 IST" name="Industrial Hybrid Framework Suite" finished-at="2025-12-30T15:38:58 IST" duration-ms="105368">
    <groups>
    </groups>
    <test started-at="2025-12-30T15:37:13 IST" name="All Tests" finished-at="2025-12-30T15:38:51 IST" duration-ms="98357">
      <class name="com.opencart.tests.GuestCheckoutTest">
        <test-method is-config="true" signature="setup()[pri:0, instance:com.opencart.tests.GuestCheckoutTest@24faea88]" started-at="2025-12-30T15:37:59 IST" name="setup" finished-at="2025-12-30T15:38:01 IST" duration-ms="2200" status="PASS">
          <reporter-output>
          </reporter-output>
        </test-method> <!-- setup -->
        <test-method signature="verifyGuestCheckoutFlow()[pri:0, instance:com.opencart.tests.GuestCheckoutTest@24faea88]" started-at="2025-12-30T15:38:01 IST" name="verifyGuestCheckoutFlow" finished-at="2025-12-30T15:38:16 IST" duration-ms="15335" status="PASS">
          <reporter-output>
          </reporter-output>
        </test-method> <!-- verifyGuestCheckoutFlow -->
        <test-method is-config="true" signature="tearDown()[pri:0, instance:com.opencart.tests.GuestCheckoutTest@24faea88]" started-at="2025-12-30T15:38:16 IST" name="tearDown" finished-at="2025-12-30T15:38:17 IST" duration-ms="312" status="PASS">
          <reporter-output>
          </reporter-output>
        </test-method> <!-- tearDown -->
      </class> <!-- com.opencart.tests.GuestCheckoutTest -->
      <class name="com.opencart.api.tests.LoginApiTest">
        <test-method is-config="true" signature="setup()[pri:0, instance:com.opencart.api.tests.LoginApiTest@4201c465]" started-at="2025-12-30T15:37:13 IST" name="setup" finished-at="2025-12-30T15:37:16 IST" duration-ms="3197" status="PASS">
          <reporter-output>
          </reporter-output>
        </test-method> <!-- setup -->
        <test-method signature="verifyApiLogin()[pri:0, instance:com.opencart.api.tests.LoginApiTest@4201c465]" started-at="2025-12-30T15:37:16 IST" name="verifyApiLogin" finished-at="2025-12-30T15:37:16 IST" duration-ms="280" status="PASS">
          <reporter-output>
          </reporter-output>
        </test-method> <!-- verifyApiLogin -->
      </class> <!-- com.opencart.api.tests.LoginApiTest -->
      <class name="com.opencart.tests.OrderHistoryTest">
        <test-method is-config="true" signature="setup()[pri:0, instance:com.opencart.tests.OrderHistoryTest@3a320ade]" started-at="2025-12-30T15:38:17 IST" name="setup" finished-at="2025-12-30T15:38:19 IST" duration-ms="1921" status="PASS">
          <reporter-output>
          </reporter-output>
        </test-method> <!-- setup -->
        <test-method signature="verifyOrderHistoryPageAccess()[pri:0, instance:com.opencart.tests.OrderHistoryTest@3a320ade]" started-at="2025-12-30T15:38:19 IST" name="verifyOrderHistoryPageAccess" finished-at="2025-12-30T15:38:27 IST" duration-ms="8399" status="PASS">
          <reporter-output>
          </reporter-output>
        </test-method> <!-- verifyOrderHistoryPageAccess -->
        <test-method is-config="true" signature="tearDown()[pri:0, instance:com.opencart.tests.OrderHistoryTest@3a320ade]" started-at="2025-12-30T15:38:27 IST" name="tearDown" finished-at="2025-12-30T15:38:27 IST" duration-ms="359" status="PASS">
          <reporter-output>
          </reporter-output>
        </test-method> <!-- tearDown -->
      </class> <!-- com.opencart.tests.OrderHistoryTest -->
      <class name="com.opencart.tests.RegisterTest">
        <test-method is-config="true" signature="setup()[pri:0, instance:com.opencart.tests.RegisterTest@3185fa6b]" started-at="2025-12-30T15:37:23 IST" name="setup" finished-at="2025-12-30T15:37:27 IST" duration-ms="3267" status="PASS">
          <reporter-output>
          </reporter-output>
        </test-method> <!-- setup -->
        <test-method signature="verifyUserRegistration()[pri:0, instance:com.opencart.tests.RegisterTest@3185fa6b]" started-at="2025-12-30T15:37:27 IST" name="verifyUserRegistration" finished-at="2025-12-30T15:37:32 IST" duration-ms="5521" status="PASS">
          <reporter-output>
          </reporter-output>
        </test-method> <!-- verifyUserRegistration -->
        <test-method is-config="true" signature="tearDown()[pri:0, instance:com.opencart.tests.RegisterTest@3185fa6b]" started-at="2025-12-30T15:37:32 IST" name="tearDown" finished-at="2025-12-30T15:37:33 IST" duration-ms="284" status="PASS">
          <reporter-output>
          </reporter-output>
        </test-method> <!-- tearDown -->
      </class> <!-- com.opencart.tests.RegisterTest -->
      <class name="com.opencart.tests.LoginTest">
        <test-method is-config="true" signature="setup()[pri:0, instance:com.opencart.tests.LoginTest@6d366c9b]" started-at="2025-12-30T15:37:33 IST" name="setup" finished-at="2025-12-30T15:37:35 IST" duration-ms="2150" status="PASS">
          <reporter-output>
          </reporter-output>
        </test-method> <!-- setup -->
        <test-method signature="verifyUserLogin()[pri:0, instance:com.opencart.tests.LoginTest@6d366c9b]" started-at="2025-12-30T15:37:35 IST" name="verifyUserLogin" finished-at="2025-12-30T15:37:43 IST" duration-ms="8355" status="PASS">
          <reporter-output>
          </reporter-output>
        </test-method> <!-- verifyUserLogin -->
        <test-method is-config="true" signature="tearDown()[pri:0, instance:com.opencart.tests.LoginTest@6d366c9b]" started-at="2025-12-30T15:37:43 IST" name="tearDown" finished-at="2025-12-30T15:37:43 IST" duration-ms="290" status="PASS">
          <reporter-output>
          </reporter-output>
        </test-method> <!-- tearDown -->
      </class> <!-- com.opencart.tests.LoginTest -->
      <class name="com.opencart.api.tests.CurrencyApiTest">
        <test-method is-config="true" signature="setup()[pri:0, instance:com.opencart.api.tests.CurrencyApiTest@7bd7d6d6]" started-at="2025-12-30T15:37:20 IST" name="setup" finished-at="2025-12-30T15:37:20 IST" duration-ms="186" status="PASS">
          <reporter-output>
          </reporter-output>
        </test-method> <!-- setup -->
        <test-method signature="verifyChangeCurrencyToEUR()[pri:0, instance:com.opencart.api.tests.CurrencyApiTest@7bd7d6d6]" started-at="2025-12-30T15:37:20 IST" name="verifyChangeCurrencyToEUR" finished-at="2025-12-30T15:37:21 IST" duration-ms="223" status="PASS">
          <reporter-output>
          </reporter-output>
        </test-method> <!-- verifyChangeCurrencyToEUR -->
      </class> <!-- com.opencart.api.tests.CurrencyApiTest -->
      <class name="com.opencart.tests.ProductCompareTest">
        <test-method is-config="true" signature="setup()[pri:0, instance:com.opencart.tests.ProductCompareTest@64beebb7]" started-at="2025-12-30T15:38:27 IST" name="setup" finished-at="2025-12-30T15:38:29 IST" duration-ms="1910" status="PASS">
          <reporter-output>
          </reporter-output>
        </test-method> <!-- setup -->
        <test-method signature="verifyTwoProductsComparison()[pri:0, instance:com.opencart.tests.ProductCompareTest@64beebb7]" started-at="2025-12-30T15:38:29 IST" name="verifyTwoProductsComparison" finished-at="2025-12-30T15:38:36 IST" duration-ms="6554" status="PASS">
          <reporter-output>
          </reporter-output>
        </test-method> <!-- verifyTwoProductsComparison -->
        <test-method is-config="true" signature="tearDown()[pri:0, instance:com.opencart.tests.ProductCompareTest@64beebb7]" started-at="2025-12-30T15:38:36 IST" name="tearDown" finished-at="2025-12-30T15:38:36 IST" duration-ms="300" status="PASS">
          <reporter-output>
          </reporter-output>
        </test-method> <!-- tearDown -->
      </class> <!-- com.opencart.tests.ProductCompareTest -->
      <class name="com.opencart.api.tests.EditCartApiTest">
        <test-method is-config="true" signature="setup()[pri:0, instance:com.opencart.api.tests.EditCartApiTest@740fb309]" started-at="2025-12-30T15:37:20 IST" name="setup" finished-at="2025-12-30T15:37:20 IST" duration-ms="183" status="PASS">
          <reporter-output>
          </reporter-output>
        </test-method> <!-- setup -->
        <test-method signature="verifyEditCartQuantity()[pri:0, instance:com.opencart.api.tests.EditCartApiTest@740fb309]" started-at="2025-12-30T15:37:20 IST" name="verifyEditCartQuantity" finished-at="2025-12-30T15:37:20 IST" duration-ms="431" status="PASS">
          <reporter-output>
          </reporter-output>
        </test-method> <!-- verifyEditCartQuantity -->
      </class> <!-- com.opencart.api.tests.EditCartApiTest -->
      <class name="com.opencart.tests.ChangePasswordTest">
        <test-method is-config="true" signature="setup()[pri:0, instance:com.opencart.tests.ChangePasswordTest@5b58ed3c]" started-at="2025-12-30T15:37:43 IST" name="setup" finished-at="2025-12-30T15:37:45 IST" duration-ms="1785" status="PASS">
          <reporter-output>
          </reporter-output>
        </test-method> <!-- setup -->
        <test-method signature="verifyPasswordChangeFlow()[pri:0, instance:com.opencart.tests.ChangePasswordTest@5b58ed3c]" started-at="2025-12-30T15:37:45 IST" name="verifyPasswordChangeFlow" finished-at="2025-12-30T15:37:59 IST" duration-ms="13462" status="PASS">
          <reporter-output>
          </reporter-output>
        </test-method> <!-- verifyPasswordChangeFlow -->
        <test-method is-config="true" signature="tearDown()[pri:0, instance:com.opencart.tests.ChangePasswordTest@5b58ed3c]" started-at="2025-12-30T15:37:59 IST" name="tearDown" finished-at="2025-12-30T15:37:59 IST" duration-ms="316" status="PASS">
          <reporter-output>
          </reporter-output>
        </test-method> <!-- tearDown -->
      </class> <!-- com.opencart.tests.ChangePasswordTest -->
      <class name="com.opencart.tests.WishlistTest">
        <test-method is-config="true" signature="setup()[pri:0, instance:com.opencart.tests.WishlistTest@7813cb11]" started-at="2025-12-30T15:38:36 IST" name="setup" finished-at="2025-12-30T15:38:38 IST" duration-ms="2062" status="PASS">
          <reporter-output>
          </reporter-output>
        </test-method> <!-- setup -->
        <test-method signature="verifyAddProductToWishlist()[pri:0, instance:com.opencart.tests.WishlistTest@7813cb11]" started-at="2025-12-30T15:38:38 IST" name="verifyAddProductToWishlist" finished-at="2025-12-30T15:38:51 IST" duration-ms="12527" status="PASS">
          <reporter-output>
          </reporter-output>
        </test-method> <!-- verifyAddProductToWishlist -->
        <test-method is-config="true" signature="tearDown()[pri:0, instance:com.opencart.tests.WishlistTest@7813cb11]" started-at="2025-12-30T15:38:51 IST" name="tearDown" finished-at="2025-12-30T15:38:51 IST" duration-ms="291" status="PASS">
          <reporter-output>
          </reporter-output>
        </test-method> <!-- tearDown -->
      </class> <!-- com.opencart.tests.WishlistTest -->
      <class name="com.opencart.tests.DatabaseValidationTest">
        <test-method is-config="true" signature="setup()[pri:0, instance:com.opencart.tests.DatabaseValidationTest@43f02ef2]" started-at="2025-12-30T15:37:21 IST" name="setup" finished-at="2025-12-30T15:37:21 IST" duration-ms="222" status="PASS">
          <reporter-output>
          </reporter-output>
        </test-method> <!-- setup -->
        <test-method signature="verifyUserRegistrationInDatabase()[pri:0, instance:com.opencart.tests.DatabaseValidationTest@43f02ef2]" started-at="2025-12-30T15:37:21 IST" name="verifyUserRegistrationInDatabase" finished-at="2025-12-30T15:37:23 IST" duration-ms="2635" status="PASS">
          <reporter-output>
          </reporter-output>
        </test-method> <!-- verifyUserRegistrationInDatabase -->
      </class> <!-- com.opencart.tests.DatabaseValidationTest -->
      <class name="com.opencart.api.tests.CartApiTest">
        <test-method is-config="true" signature="setup()[pri:0, instance:com.opencart.api.tests.CartApiTest@4e5ed836]" started-at="2025-12-30T15:37:16 IST" name="setup" finished-at="2025-12-30T15:37:16 IST" duration-ms="231" status="PASS">
          <reporter-output>
          </reporter-output>
        </test-method> <!-- setup -->
        <test-method signature="verifyAddItemToCart()[pri:0, instance:com.opencart.api.tests.CartApiTest@4e5ed836]" started-at="2025-12-30T15:37:16 IST" name="verifyAddItemToCart" finished-at="2025-12-30T15:37:17 IST" duration-ms="426" status="PASS">
          <reporter-output>
          </reporter-output>
        </test-method> <!-- verifyAddItemToCart -->
      </class> <!-- com.opencart.api.tests.CartApiTest -->
      <class name="com.opencart.api.tests.RegisterApiTest">
        <test-method is-config="true" signature="setup()[pri:0, instance:com.opencart.api.tests.RegisterApiTest@eadd4fb]" started-at="2025-12-30T15:37:17 IST" name="setup" finished-at="2025-12-30T15:37:17 IST" duration-ms="311" status="PASS">
          <reporter-output>
          </reporter-output>
        </test-method> <!-- setup -->
        <test-method signature="verifyRegisterAccountViaPost()[pri:0, instance:com.opencart.api.tests.RegisterApiTest@eadd4fb]" started-at="2025-12-30T15:37:17 IST" name="verifyRegisterAccountViaPost" finished-at="2025-12-30T15:37:20 IST" duration-ms="2318" status="PASS">
          <reporter-output>
          </reporter-output>
        </test-method> <!-- verifyRegisterAccountViaPost -->
      </class> <!-- com.opencart.api.tests.RegisterApiTest -->
    </test> <!-- All Tests -->
    <test started-at="2025-12-30T15:38:52 IST" name="Hybrid Integration Tests" finished-at="2025-12-30T15:38:58 IST" duration-ms="6528">
      <class name="com.opencart.api.tests.HybridLoginTest">
        <test-method is-config="true" signature="setupDataAndBrowser()[pri:0, instance:com.opencart.api.tests.HybridLoginTest@5f2f577]" started-at="2025-12-30T15:38:52 IST" name="setupDataAndBrowser" finished-at="2025-12-30T15:38:56 IST" duration-ms="4145" status="PASS">
          <reporter-output>
          </reporter-output>
        </test-method> <!-- setupDataAndBrowser -->
        <test-method signature="verifyLoginWithApiCreatedUser()[pri:0, instance:com.opencart.api.tests.HybridLoginTest@5f2f577]" started-at="2025-12-30T15:38:56 IST" name="verifyLoginWithApiCreatedUser" finished-at="2025-12-30T15:38:58 IST" duration-ms="2095" status="PASS">
          <reporter-output>
          </reporter-output>
        </test-method> <!-- verifyLoginWithApiCreatedUser -->
        <test-method is-config="true" signature="tearDown()[pri:0, instance:com.opencart.api.tests.HybridLoginTest@5f2f577]" started-at="2025-12-30T15:38:58 IST" name="tearDown" finished-at="2025-12-30T15:38:58 IST" duration-ms="285" status="PASS">
          <reporter-output>
          </reporter-output>
        </test-method> <!-- tearDown -->
      </class> <!-- com.opencart.api.tests.HybridLoginTest -->
    </test> <!-- Hybrid Integration Tests -->
  </suite> <!-- Industrial Hybrid Framework Suite -->
</testng-results>
