<?xml version="1.0" encoding="UTF-8"?>
<testsuite xmlns:xsi="http://www.w3.org/2001/XMLSchema-instance" xsi:noNamespaceSchemaLocation="https://maven.apache.org/surefire/maven-surefire-plugin/xsd/surefire-test-report-3.0.xsd" version="3.0" name="TestSuite" time="106.834" tests="14" errors="0" skipped="0" failures="0">
  <properties>
[...]
</properties>
  <testcase name="verifyApiLogin" classname="com.opencart.api.tests.LoginApiTest" time="0.284">
    <system-out><![CDATA[>> Base Setup: Generated Global Token: b237598b4411cd0e8b3245ff1a
API Response: {
    "success": "Success: API session successfully started!",
    "api_token": "2df127cb88a66b6f499ad756bf"
}
Generated Token: 2df127cb88a66b6f499ad756bf
]]></system-out>
    <system-err><![CDATA[SLF4J: Failed to load class "org.slf4j.impl.StaticLoggerBinder".
SLF4J: Defaulting to no-operation (NOP) logger implementation
SLF4J: See http://www.slf4j.org/codes.html#StaticLoggerBinder for further details.
]]></system-err>
  </testcase>
  <testcase name="verifyAddItemToCart" classname="com.opencart.api.tests.CartApiTest" time="0.424">
    <system-out><![CDATA[>> Base Setup: Generated Global Token: afc575624de0137e1bd8776610
Add To Cart Response: {
    "success": "Success: You have modified your shopping cart!"
}
]]></system-out>
  </testcase>
  <testcase name="verifyRegisterAccountViaPost" classname="com.opencart.api.tests.RegisterApiTest" time="2.315">
    <system-out><![CDATA[>> Base Setup: Generated Global Token: e55cee6381bc9e0d418eb10bc1
Attempting to register: api_user_1767089237729@test.com
Status Code: 302
Redirected to: http://localhost/opencartsite/index.php?route=account/success
]]></system-out>
  </testcase>
  <testcase name="verifyEditCartQuantity" classname="com.opencart.api.tests.EditCartApiTest" time="0.429">
    <system-out><![CDATA[>> Base Setup: Generated Global Token: 1386a560d0d026186986c38027
>> API: Product added. Now updating quantity to 5...
Edit Cart Response: {
    "success": "Success: You have modified your shopping cart!"
}
]]></system-out>
  </testcase>
  <testcase name="verifyChangeCurrencyToEUR" classname="com.opencart.api.tests.CurrencyApiTest" time="0.223">
    <system-out><![CDATA[>> Base Setup: Generated Global Token: ad5d8f893f076620728d2a4557
Currency Response: {
    "success": "Success: Your currency has been changed!"
}
]]></system-out>
  </testcase>
  <testcase name="verifyUserRegistrationInDatabase" classname="com.opencart.tests.DatabaseValidationTest" time="2.633">
    <system-out><![CDATA[>> Base Setup: Generated Global Token: e5e2cdfb4e1989d36d9550a44f
>> DB TEST: Creating User via API: db_check_1767089241299@test.com
>> DB TEST: Querying MySQL for this user...
✅ SUCCESS: User found in Database!
]]></system-out>
  </testcase>
  <testcase name="verifyUserRegistration" classname="com.opencart.tests.RegisterTest" time="5.522">
    <system-out><![CDATA[15:37:23 [main] INFO  com.opencart.base.BasePage - >> Initializing Browser: chrome
15:37:26 [main] INFO  com.opencart.base.BasePage - >> Chrome Driver launched successfully.
15:37:27 [main] INFO  com.opencart.base.BasePage - >> Navigated to Application URL: http://127.0.0.1/opencartsite/
]]></system-out>
    <system-err><![CDATA[Dec 30, 2025 3:37:26 PM org.openqa.selenium.devtools.CdpVersionFinder findNearestMatch
WARNING: Unable to find CDP implementation matching 143
Dec 30, 2025 3:37:26 PM org.openqa.selenium.chromium.ChromiumDriver lambda$new$5
WARNING: Unable to find version of CDP to use for 143.0.7499.170. You may need to include a dependency on a specific version of the CDP using something similar to `org.seleniumhq.selenium:selenium-devtools-v86:4.27.0` where the version ("v86") matches the version of the chromium-based browser you're using and the version number of the artifact is the same as Selenium's.
]]></system-err>
  </testcase>
  <testcase name="verifyUserLogin" classname="com.opencart.tests.LoginTest" time="8.358">
    <system-out><![CDATA[15:37:33 [main] INFO  com.opencart.base.BasePage - >> Initializing Browser: chrome
15:37:34 [main] INFO  com.opencart.base.BasePage - >> Chrome Driver launched successfully.
15:37:35 [main] INFO  com.opencart.base.BasePage - >> Navigated to Application URL: http://127.0.0.1/opencartsite/
15:37:35 [main] INFO  com.opencart.base.BasePage - >> STARTING TEST: verifyUserLogin
15:37:35 [main] INFO  com.opencart.base.BasePage - >> Generated fresh credentials: login_1767089255163@test.com
15:37:36 [main] INFO  com.opencart.base.BasePage - >> Navigated to Register Page
15:37:40 [main] INFO  com.opencart.base.BasePage - >> User Registered successfully for Self-Healing
15:37:41 [main] INFO  com.opencart.base.BasePage - >> User Logged Out (Pre-condition met)
15:37:42 [main] INFO  com.opencart.base.BasePage - >> Navigated to Login Page
15:37:43 [main] INFO  com.opencart.base.BasePage - >> Performed Login Action
15:37:43 [main] INFO  com.opencart.base.BasePage - >> Verifying Page Title. Found: My Account
15:37:43 [main] INFO  com.opencart.base.BasePage - >> TEST PASSED: verifyUserLogin
]]></system-out>
    <system-err><![CDATA[Dec 30, 2025 3:37:34 PM org.openqa.selenium.devtools.CdpVersionFinder findNearestMatch
WARNING: Unable to find CDP implementation matching 143
Dec 30, 2025 3:37:34 PM org.openqa.selenium.chromium.ChromiumDriver lambda$new$5
WARNING: Unable to find version of CDP to use for 143.0.7499.170. You may need to include a dependency on a specific version of the CDP using something similar to `org.seleniumhq.selenium:selenium-devtools-v86:4.27.0` where the version ("v86") matches the version of the chromium-based browser you're using and the version number of the artifact is the same as Selenium's.
]]></system-err>
  </testcase>
  <testcase name="verifyPasswordChangeFlow" classname="com.opencart.tests.ChangePasswordTest" time="13.463">
    <system-out><![CDATA[15:37:43 [main] INFO  com.opencart.base.BasePage - >> Browser Closed
15:37:43 [main] INFO  com.opencart.base.BasePage - >> Initializing Browser: chrome
15:37:44 [main] INFO  com.opencart.base.BasePage - >> Chrome Driver launched successfully.
15:37:45 [main] INFO  com.opencart.base.BasePage - >> Navigated to Application URL: http://127.0.0.1/opencartsite/
]]></system-out>
    <system-err><![CDATA[Dec 30, 2025 3:37:44 PM org.openqa.selenium.devtools.CdpVersionFinder findNearestMatch
WARNING: Unable to find CDP implementation matching 143
Dec 30, 2025 3:37:44 PM org.openqa.selenium.chromium.ChromiumDriver lambda$new$5
WARNING: Unable to find version of CDP to use for 143.0.7499.170. You may need to include a dependency on a specific version of the CDP using something similar to `org.seleniumhq.selenium:selenium-devtools-v86:4.27.0` where the version ("v86") matches the version of the chromium-based browser you're using and the version number of the artifact is the same as Selenium's.
]]></system-err>
  </testcase>
  <testcase name="verifyGuestCheckoutFlow" classname="com.opencart.tests.GuestCheckoutTest" time="15.336">
    <system-out><![CDATA[15:37:59 [main] INFO  com.opencart.base.BasePage - >> Initializing Browser: chrome
15:38:00 [main] INFO  com.opencart.base.BasePage - >> Chrome Driver launched successfully.
15:38:01 [main] INFO  com.opencart.base.BasePage - >> Navigated to Application URL: http://127.0.0.1/opencartsite/
]]></system-out>
    <system-err><![CDATA[Dec 30, 2025 3:38:00 PM org.openqa.selenium.devtools.CdpVersionFinder findNearestMatch
WARNING: Unable to find CDP implementation matching 143
Dec 30, 2025 3:38:00 PM org.openqa.selenium.chromium.ChromiumDriver lambda$new$5
WARNING: Unable to find version of CDP to use for 143.0.7499.170. You may need to include a dependency on a specific version of the CDP using something similar to `org.seleniumhq.selenium:selenium-devtools-v86:4.27.0` where the version ("v86") matches the version of the chromium-based browser you're using and the version number of the artifact is the same as Selenium's.
]]></system-err>
  </testcase>
  <testcase name="verifyOrderHistoryPageAccess" classname="com.opencart.tests.OrderHistoryTest" time="8.399">
    <system-out><![CDATA[15:38:17 [main] INFO  com.opencart.base.BasePage - >> Initializing Browser: chrome
15:38:18 [main] INFO  com.opencart.base.BasePage - >> Chrome Driver launched successfully.
15:38:19 [main] INFO  com.opencart.base.BasePage - >> Navigated to Application URL: http://127.0.0.1/opencartsite/
]]></system-out>
    <system-err><![CDATA[Dec 30, 2025 3:38:18 PM org.openqa.selenium.devtools.CdpVersionFinder findNearestMatch
WARNING: Unable to find CDP implementation matching 143
Dec 30, 2025 3:38:18 PM org.openqa.selenium.chromium.ChromiumDriver lambda$new$5
WARNING: Unable to find version of CDP to use for 143.0.7499.170. You may need to include a dependency on a specific version of the CDP using something similar to `org.seleniumhq.selenium:selenium-devtools-v86:4.27.0` where the version ("v86") matches the version of the chromium-based browser you're using and the version number of the artifact is the same as Selenium's.
]]></system-err>
  </testcase>
  <testcase name="verifyTwoProductsComparison" classname="com.opencart.tests.ProductCompareTest" time="6.556">
    <system-out><![CDATA[15:38:27 [main] INFO  com.opencart.base.BasePage - >> Initializing Browser: chrome
15:38:29 [main] INFO  com.opencart.base.BasePage - >> Chrome Driver launched successfully.
15:38:29 [main] INFO  com.opencart.base.BasePage - >> Navigated to Application URL: http://127.0.0.1/opencartsite/
]]></system-out>
    <system-err><![CDATA[Dec 30, 2025 3:38:29 PM org.openqa.selenium.devtools.CdpVersionFinder findNearestMatch
WARNING: Unable to find CDP implementation matching 143
Dec 30, 2025 3:38:29 PM org.openqa.selenium.chromium.ChromiumDriver lambda$new$5
WARNING: Unable to find version of CDP to use for 143.0.7499.170. You may need to include a dependency on a specific version of the CDP using something similar to `org.seleniumhq.selenium:selenium-devtools-v86:4.27.0` where the version ("v86") matches the version of the chromium-based browser you're using and the version number of the artifact is the same as Selenium's.
]]></system-err>
  </testcase>
  <testcase name="verifyAddProductToWishlist" classname="com.opencart.tests.WishlistTest" time="12.528">
    <system-out><![CDATA[15:38:36 [main] INFO  com.opencart.base.BasePage - >> Initializing Browser: chrome
15:38:37 [main] INFO  com.opencart.base.BasePage - >> Chrome Driver launched successfully.
15:38:38 [main] INFO  com.opencart.base.BasePage - >> Navigated to Application URL: http://127.0.0.1/opencartsite/
]]></system-out>
    <system-err><![CDATA[Dec 30, 2025 3:38:37 PM org.openqa.selenium.devtools.CdpVersionFinder findNearestMatch
WARNING: Unable to find CDP implementation matching 143
Dec 30, 2025 3:38:37 PM org.openqa.selenium.chromium.ChromiumDriver lambda$new$5
WARNING: Unable to find version of CDP to use for 143.0.7499.170. You may need to include a dependency on a specific version of the CDP using something similar to `org.seleniumhq.selenium:selenium-devtools-v86:4.27.0` where the version ("v86") matches the version of the chromium-based browser you're using and the version number of the artifact is the same as Selenium's.
]]></system-err>
  </testcase>
  <testcase name="verifyLoginWithApiCreatedUser" classname="com.opencart.api.tests.HybridLoginTest" time="2.095">
    <system-out><![CDATA[15:38:52 [main] INFO  com.opencart.base.BasePage - >> Initializing Browser: chrome
15:38:53 [main] INFO  com.opencart.base.BasePage - >> Chrome Driver launched successfully.
15:38:53 [main] INFO  com.opencart.base.BasePage - >> Navigated to Application URL: http://127.0.0.1/opencartsite/
>> HYBRID TEST: Seeding data via API...
>> HYBRID TEST: Logging in via Selenium...
]]></system-out>
    <system-err><![CDATA[Dec 30, 2025 3:38:53 PM org.openqa.selenium.devtools.CdpVersionFinder findNearestMatch
WARNING: Unable to find CDP implementation matching 143
Dec 30, 2025 3:38:53 PM org.openqa.selenium.chromium.ChromiumDriver lambda$new$5
WARNING: Unable to find version of CDP to use for 143.0.7499.170. You may need to include a dependency on a specific version of the CDP using something similar to `org.seleniumhq.selenium:selenium-devtools-v86:4.27.0` where the version ("v86") matches the version of the chromium-based browser you're using and the version number of the artifact is the same as Selenium's.
]]></system-err>
  </testcase>
</testsuite>