<?xml version="1.0" encoding="UTF-8"?>
<!-- Generated by org.testng.reporters.JUnitXMLReporter -->
<testsuite ignored="0" hostname="sarupyagarapati" failures="0" tests="3" name="Regression Tests" time="7.095" errors="0" timestamp="2025-12-29T15:04:58 IST">
  <testcase classname="com.opencart.api.tests.LoginApiTest" name="verifyApiLogin" time="0.218"/>
  <testcase classname="com.opencart.api.tests.CartApiTest" name="verifyAddItemToCart" time="0.419"/>
  <testcase classname="com.opencart.api.tests.RegisterApiTest" name="verifyRegisterAccountViaPost" time="0.34"/>
</testsuite> <!-- Regression Tests -->
